<?xml version="1.0" encoding="UTF-8"?>
<!-- Generated by org.testng.reporters.JUnitReportReporter -->
<testsuite hostname="antony-Latitude-E5420" name="com.poc.preauthorize.MyServiceTest" tests="4" failures="0" timestamp="22 Mar 2013 10:38:58 GMT" time="26" errors="1">
  <testcase name="testCallByeAsAdmin" time="23" classname="com.poc.preauthorize.MyServiceTest"/>
  <testcase name="testCallHelloAsAdmin" time="2" classname="com.poc.preauthorize.MyServiceTest"/>
  <testcase name="testCallByeAsUser" time="1" classname="com.poc.preauthorize.MyServiceTest">
    <error type="org.springframework.security.access.AccessDeniedException" message="Access is denied">
      <![CDATA[org.springframework.security.access.AccessDeniedException: Access is denied
	at org.testng.reporters.JUnitReportReporter.generateReport(JUnitReportReporter.java:70)
	at org.testng.TestNG.generateReports(TestNG.java:850)
	at org.testng.TestNG.run(TestNG.java:830)
	at org.apache.maven.surefire.testng.TestNGExecutor.run(TestNGExecutor.java:61)
	at org.apache.maven.surefire.testng.TestNGDirectoryTestSuite.executeMulti(TestNGDirectoryTestSuite.java:163)
	at org.apache.maven.surefire.testng.TestNGDirectoryTestSuite.execute(TestNGDirectoryTestSuite.java:112)
	at org.apache.maven.surefire.testng.TestNGProvider.invoke(TestNGProvider.java:111)
	at sun.reflect.NativeMethodAccessorImpl.invoke0(Native Method)
	at sun.reflect.NativeMethodAccessorImpl.invoke(NativeMethodAccessorImpl.java:39)
	at sun.reflect.DelegatingMethodAccessorImpl.invoke(DelegatingMethodAccessorImpl.java:25)
	at java.lang.reflect.Method.invoke(Method.java:597)
	at org.apache.maven.surefire.booter.ProviderFactory$ClassLoaderProxy.invoke(ProviderFactory.java:103)
	at $Proxy0.invoke(Unknown Source)
	at org.apache.maven.surefire.booter.SurefireStarter.invokeProvider(SurefireStarter.java:145)
	at org.apache.maven.surefire.booter.SurefireStarter.runSuitesInProcess(SurefireStarter.java:87)
	at org.apache.maven.surefire.booter.ForkedBooter.main(ForkedBooter.java:69)
]]>
    </error>
  </testcase>
  <testcase name="testCallHelloAsUser" time="0" classname="com.poc.preauthorize.MyServiceTest"/>
</testsuite>
