<?xml version="1.0" encoding="UTF-8"?>
<!-- Generated by org.testng.reporters.JUnitReportReporter -->
<testsuite hostname="antony-Latitude-E5420" name="com.poc.preauthorize.AuthenticationListenerTest" tests="6" failures="0" timestamp="22 Mar 2013 10:38:58 GMT" time="7" errors="0">
  <testcase name="testMissingUsername" time="1" classname="com.poc.preauthorize.AuthenticationListenerTest"/>
  <testcase name="testAuthenticatedMethod" time="6" classname="com.poc.preauthorize.AuthenticationListenerTest"/>
  <testcase name="testMissingRoles" time="0" classname="com.poc.preauthorize.AuthenticationListenerTest"/>
  <testcase name="testAuthenticatedMethodWithDuplicateRoles" time="0" classname="com.poc.preauthorize.AuthenticationListenerTest"/>
  <testcase name="testNotAuthenticatedMethod" time="0" classname="com.poc.preauthorize.AuthenticationListenerTest"/>
  <testcase name="testAuthenticatedMethodWithManyRoles" time="0" classname="com.poc.preauthorize.AuthenticationListenerTest"/>
</testsuite>
